This is pdfTeX, Version 3.14159265-2.6-1.40.16 (TeX Live 2015/Debian) (preloaded format=pdflatex 2017.5.14)  14 MAY 2017 20:59
entering extended mode
 restricted \write18 enabled.
 %&-line parsing enabled.
**document.tex
(./document.tex
LaTeX2e <2016/02/01>
Babel <3.9q> and hyphenation patterns for 5 language(s) loaded.
(/usr/share/texlive/texmf-dist/tex/latex/base/article.cls
Document Class: article 2014/09/29 v1.4h Standard LaTeX document class
(/usr/share/texlive/texmf-dist/tex/latex/base/size10.clo
File: size10.clo 2014/09/29 v1.4h Standard LaTeX file (size option)
)
\c@part=\count79
\c@section=\count80
\c@subsection=\count81
\c@subsubsection=\count82
\c@paragraph=\count83
\c@subparagraph=\count84
\c@figure=\count85
\c@table=\count86
\abovecaptionskip=\skip41
\belowcaptionskip=\skip42
\bibindent=\dimen102
)
(/usr/share/texlive/texmf-dist/tex/latex/geometry/geometry.sty
Package: geometry 2010/09/12 v5.6 Page Geometry

(/usr/share/texlive/texmf-dist/tex/latex/graphics/keyval.sty
Package: keyval 2014/10/28 v1.15 key=value parser (DPC)
\KV@toks@=\toks14
)
(/usr/share/texlive/texmf-dist/tex/generic/oberdiek/ifpdf.sty
Package: ifpdf 2011/01/30 v2.3 Provides the ifpdf switch (HO)
Package ifpdf Info: pdfTeX in PDF mode is detected.
)
(/usr/share/texlive/texmf-dist/tex/generic/oberdiek/ifvtex.sty
Package: ifvtex 2010/03/01 v1.5 Detect VTeX and its facilities (HO)
Package ifvtex Info: VTeX not detected.
)
(/usr/share/texlive/texmf-dist/tex/generic/ifxetex/ifxetex.sty
Package: ifxetex 2010/09/12 v0.6 Provides ifxetex conditional
)
\Gm@cnth=\count87
\Gm@cntv=\count88
\c@Gm@tempcnt=\count89
\Gm@bindingoffset=\dimen103
\Gm@wd@mp=\dimen104
\Gm@odd@mp=\dimen105
\Gm@even@mp=\dimen106
\Gm@layoutwidth=\dimen107
\Gm@layoutheight=\dimen108
\Gm@layouthoffset=\dimen109
\Gm@layoutvoffset=\dimen110
\Gm@dimlist=\toks15
)
(/usr/share/texlive/texmf-dist/tex/latex/graphics/graphicx.sty
Package: graphicx 2014/10/28 v1.0g Enhanced LaTeX Graphics (DPC,SPQR)

(/usr/share/texlive/texmf-dist/tex/latex/graphics/graphics.sty
Package: graphics 2016/01/03 v1.0q Standard LaTeX Graphics (DPC,SPQR)

(/usr/share/texlive/texmf-dist/tex/latex/graphics/trig.sty
Package: trig 2016/01/03 v1.10 sin cos tan (DPC)
)
(/usr/share/texlive/texmf-dist/tex/latex/latexconfig/graphics.cfg
File: graphics.cfg 2010/04/23 v1.9 graphics configuration of TeX Live
)
Package graphics Info: Driver file: pdftex.def on input line 95.

(/usr/share/texlive/texmf-dist/tex/latex/pdftex-def/pdftex.def
File: pdftex.def 2011/05/27 v0.06d Graphics/color for pdfTeX

(/usr/share/texlive/texmf-dist/tex/generic/oberdiek/infwarerr.sty
Package: infwarerr 2010/04/08 v1.3 Providing info/warning/error messages (HO)
)
(/usr/share/texlive/texmf-dist/tex/generic/oberdiek/ltxcmds.sty
Package: ltxcmds 2011/11/09 v1.22 LaTeX kernel commands for general use (HO)
)
\Gread@gobject=\count90
))
\Gin@req@height=\dimen111
\Gin@req@width=\dimen112
)
(/usr/share/texlive/texmf-dist/tex/latex/wrapfig/wrapfig.sty
\wrapoverhang=\dimen113
\WF@size=\dimen114
\c@WF@wrappedlines=\count91
\WF@box=\box26
\WF@everypar=\toks16
Package: wrapfig 2003/01/31  v 3.6
)
(/usr/share/texlive/texmf-dist/tex/latex/oberdiek/bookmark.sty
Package: bookmark 2011/12/02 v1.24 PDF bookmarks (HO)

(/usr/share/texlive/texmf-dist/tex/generic/oberdiek/pdfescape.sty
Package: pdfescape 2011/11/25 v1.13 Implements pdfTeX's escape features (HO)

(/usr/share/texlive/texmf-dist/tex/generic/oberdiek/pdftexcmds.sty
Package: pdftexcmds 2011/11/29 v0.20 Utility functions of pdfTeX for LuaTeX (HO
)

(/usr/share/texlive/texmf-dist/tex/generic/oberdiek/ifluatex.sty
Package: ifluatex 2010/03/01 v1.3 Provides the ifluatex switch (HO)
Package ifluatex Info: LuaTeX not detected.
)
Package pdftexcmds Info: LuaTeX not detected.
Package pdftexcmds Info: \pdf@primitive is available.
Package pdftexcmds Info: \pdf@ifprimitive is available.
Package pdftexcmds Info: \pdfdraftmode found.
))
(/usr/share/texlive/texmf-dist/tex/latex/hyperref/hyperref.sty
Package: hyperref 2012/11/06 v6.83m Hypertext links for LaTeX

(/usr/share/texlive/texmf-dist/tex/generic/oberdiek/hobsub-hyperref.sty
Package: hobsub-hyperref 2012/05/28 v1.13 Bundle oberdiek, subset hyperref (HO)


(/usr/share/texlive/texmf-dist/tex/generic/oberdiek/hobsub-generic.sty
Package: hobsub-generic 2012/05/28 v1.13 Bundle oberdiek, subset generic (HO)
Package: hobsub 2012/05/28 v1.13 Construct package bundles (HO)
Package hobsub Info: Skipping package `infwarerr' (already loaded).
Package hobsub Info: Skipping package `ltxcmds' (already loaded).
Package hobsub Info: Skipping package `ifluatex' (already loaded).
Package hobsub Info: Skipping package `ifvtex' (already loaded).
Package: intcalc 2007/09/27 v1.1 Expandable calculations with integers (HO)
Package hobsub Info: Skipping package `ifpdf' (already loaded).
Package: etexcmds 2011/02/16 v1.5 Avoid name clashes with e-TeX commands (HO)
Package etexcmds Info: Could not find \expanded.
(etexcmds)             That can mean that you are not using pdfTeX 1.50 or
(etexcmds)             that some package has redefined \expanded.
(etexcmds)             In the latter case, load this package earlier.
Package: kvsetkeys 2012/04/25 v1.16 Key value parser (HO)
Package: kvdefinekeys 2011/04/07 v1.3 Define keys (HO)
Package hobsub Info: Skipping package `pdftexcmds' (already loaded).
Package hobsub Info: Skipping package `pdfescape' (already loaded).
Package: bigintcalc 2012/04/08 v1.3 Expandable calculations on big integers (HO
)
Package: bitset 2011/01/30 v1.1 Handle bit-vector datatype (HO)
Package: uniquecounter 2011/01/30 v1.2 Provide unlimited unique counter (HO)
)
Package hobsub Info: Skipping package `hobsub' (already loaded).
Package: letltxmacro 2010/09/02 v1.4 Let assignment for LaTeX macros (HO)
Package: hopatch 2012/05/28 v1.2 Wrapper for package hooks (HO)
Package: xcolor-patch 2011/01/30 xcolor patch
Package: atveryend 2011/06/30 v1.8 Hooks at the very end of document (HO)
Package atveryend Info: \enddocument detected (standard20110627).
Package: atbegshi 2011/10/05 v1.16 At begin shipout hook (HO)
Package: refcount 2011/10/16 v3.4 Data extraction from label references (HO)
Package: hycolor 2011/01/30 v1.7 Color options for hyperref/bookmark (HO)
)
(/usr/share/texlive/texmf-dist/tex/latex/oberdiek/auxhook.sty
Package: auxhook 2011/03/04 v1.3 Hooks for auxiliary files (HO)
)
(/usr/share/texlive/texmf-dist/tex/latex/oberdiek/kvoptions.sty
Package: kvoptions 2011/06/30 v3.11 Key value format for package options (HO)
)
\@linkdim=\dimen115
\Hy@linkcounter=\count92
\Hy@pagecounter=\count93

(/usr/share/texlive/texmf-dist/tex/latex/hyperref/pd1enc.def
File: pd1enc.def 2012/11/06 v6.83m Hyperref: PDFDocEncoding definition (HO)
)
\Hy@SavedSpaceFactor=\count94

(/usr/share/texlive/texmf-dist/tex/latex/latexconfig/hyperref.cfg
File: hyperref.cfg 2002/06/06 v1.2 hyperref configuration of TeXLive
)
Package hyperref Info: Hyper figures OFF on input line 4443.
Package hyperref Info: Link nesting OFF on input line 4448.
Package hyperref Info: Hyper index ON on input line 4451.
Package hyperref Info: Plain pages OFF on input line 4458.
Package hyperref Info: Backreferencing OFF on input line 4463.
Package hyperref Info: Implicit mode ON; LaTeX internals redefined.
Package hyperref Info: Bookmarks ON on input line 4688.
\c@Hy@tempcnt=\count95

(/usr/share/texlive/texmf-dist/tex/latex/url/url.sty
\Urlmuskip=\muskip10
Package: url 2013/09/16  ver 3.4  Verb mode for urls, etc.
)
LaTeX Info: Redefining \url on input line 5041.
\XeTeXLinkMargin=\dimen116
\Fld@menulength=\count96
\Field@Width=\dimen117
\Fld@charsize=\dimen118
Package hyperref Info: Hyper figures OFF on input line 6295.
Package hyperref Info: Link nesting OFF on input line 6300.
Package hyperref Info: Hyper index ON on input line 6303.
Package hyperref Info: backreferencing OFF on input line 6310.
Package hyperref Info: Link coloring OFF on input line 6315.
Package hyperref Info: Link coloring with OCG OFF on input line 6320.
Package hyperref Info: PDF/A mode OFF on input line 6325.
LaTeX Info: Redefining \ref on input line 6365.
LaTeX Info: Redefining \pageref on input line 6369.
\Hy@abspage=\count97
\c@Item=\count98
\c@Hfootnote=\count99
)

Package hyperref Message: Driver (autodetected): hpdftex.

(/usr/share/texlive/texmf-dist/tex/latex/hyperref/hpdftex.def
File: hpdftex.def 2012/11/06 v6.83m Hyperref driver for pdfTeX
\Fld@listcount=\count100
\c@bookmark@seq@number=\count101

(/usr/share/texlive/texmf-dist/tex/latex/oberdiek/rerunfilecheck.sty
Package: rerunfilecheck 2011/04/15 v1.7 Rerun checks for auxiliary files (HO)
Package uniquecounter Info: New unique counter `rerunfilecheck' on input line 2
82.
)
\Hy@SectionHShift=\skip43
)
(/usr/share/texlive/texmf-dist/tex/latex/oberdiek/bkm-pdftex.def
File: bkm-pdftex.def 2011/12/02 v1.24 bookmark driver for pdfTeX (HO)
\BKM@id=\count102
))
(./document.aux)
\openout1 = `document.aux'.

LaTeX Font Info:    Checking defaults for OML/cmm/m/it on input line 13.
LaTeX Font Info:    ... okay on input line 13.
LaTeX Font Info:    Checking defaults for T1/cmr/m/n on input line 13.
LaTeX Font Info:    ... okay on input line 13.
LaTeX Font Info:    Checking defaults for OT1/cmr/m/n on input line 13.
LaTeX Font Info:    ... okay on input line 13.
LaTeX Font Info:    Checking defaults for OMS/cmsy/m/n on input line 13.
LaTeX Font Info:    ... okay on input line 13.
LaTeX Font Info:    Checking defaults for OMX/cmex/m/n on input line 13.
LaTeX Font Info:    ... okay on input line 13.
LaTeX Font Info:    Checking defaults for U/cmr/m/n on input line 13.
LaTeX Font Info:    ... okay on input line 13.
LaTeX Font Info:    Checking defaults for PD1/pdf/m/n on input line 13.
LaTeX Font Info:    ... okay on input line 13.

*geometry* driver: auto-detecting
*geometry* detected driver: pdftex
*geometry* verbose mode - [ preamble ] result:
* driver: pdftex
* paper: <default>
* layout: <same size as paper>
* layoutoffset:(h,v)=(0.0pt,0.0pt)
* modes: 
* h-part:(L,W,R)=(36.135pt, 542.02501pt, 36.135pt)
* v-part:(T,H,B)=(36.135pt, 722.7pt, 36.135pt)
* \paperwidth=614.295pt
* \paperheight=794.96999pt
* \textwidth=542.02501pt
* \textheight=722.7pt
* \oddsidemargin=-36.135pt
* \evensidemargin=-36.135pt
* \topmargin=-73.135pt
* \headheight=12.0pt
* \headsep=25.0pt
* \topskip=10.0pt
* \footskip=30.0pt
* \marginparwidth=65.0pt
* \marginparsep=11.0pt
* \columnsep=10.0pt
* \skip\footins=9.0pt plus 4.0pt minus 2.0pt
* \hoffset=0.0pt
* \voffset=0.0pt
* \mag=1000
* \@twocolumnfalse
* \@twosidefalse
* \@mparswitchfalse
* \@reversemarginfalse
* (1in=72.27pt=25.4mm, 1cm=28.453pt)

(/usr/share/texlive/texmf-dist/tex/context/base/supp-pdf.mkii
[Loading MPS to PDF converter (version 2006.09.02).]
\scratchcounter=\count103
\scratchdimen=\dimen119
\scratchbox=\box27
\nofMPsegments=\count104
\nofMParguments=\count105
\everyMPshowfont=\toks17
\MPscratchCnt=\count106
\MPscratchDim=\dimen120
\MPnumerator=\count107
\makeMPintoPDFobject=\count108
\everyMPtoPDFconversion=\toks18
) (/usr/share/texlive/texmf-dist/tex/latex/oberdiek/epstopdf-base.sty
Package: epstopdf-base 2010/02/09 v2.5 Base part for package epstopdf

(/usr/share/texlive/texmf-dist/tex/latex/oberdiek/grfext.sty
Package: grfext 2010/08/19 v1.1 Manage graphics extensions (HO)
)
Package grfext Info: Graphics extension search list:
(grfext)             [.png,.pdf,.jpg,.mps,.jpeg,.jbig2,.jb2,.PNG,.PDF,.JPG,.JPE
G,.JBIG2,.JB2,.eps]
(grfext)             \AppendGraphicsExtensions on input line 452.

(/usr/share/texlive/texmf-dist/tex/latex/latexconfig/epstopdf-sys.cfg
File: epstopdf-sys.cfg 2010/07/13 v1.3 Configuration of (r)epstopdf for TeX Liv
e
))
\AtBeginShipoutBox=\box28
Package hyperref Info: Link coloring OFF on input line 13.

(/usr/share/texlive/texmf-dist/tex/latex/hyperref/nameref.sty
Package: nameref 2012/10/27 v2.43 Cross-referencing by name of section

(/usr/share/texlive/texmf-dist/tex/generic/oberdiek/gettitlestring.sty
Package: gettitlestring 2010/12/03 v1.4 Cleanup title references (HO)
)
\c@section@level=\count109
)
LaTeX Info: Redefining \ref on input line 13.
LaTeX Info: Redefining \pageref on input line 13.
LaTeX Info: Redefining \nameref on input line 13.
LaTeX Font Info:    External font `cmex10' loaded for size
(Font)              <7> on input line 19.
LaTeX Font Info:    External font `cmex10' loaded for size
(Font)              <5> on input line 19.

Underfull \hbox (badness 10000) in paragraph at lines 32--37

 []


Underfull \hbox (badness 10000) in paragraph at lines 48--53

 []

<results/he/error_plot_using_greedy-mbis.png, id=4, 867.24pt x 1011.78pt>
File: results/he/error_plot_using_greedy-mbis.png Graphic file (type png)

<use results/he/error_plot_using_greedy-mbis.png>
Package pdftex.def Info: results/he/error_plot_using_greedy-mbis.png used on in
put line 59.
(pdftex.def)             Requested size: 277.52248pt x 323.77621pt.

<results_original/he/error_plot_using_greedy-mbis.png, id=6, 867.24pt x 1011.78
pt>
File: results_original/he/error_plot_using_greedy-mbis.png Graphic file (type p
ng)
 <use results_original/he/error_plot_using_greedy-mbis.png>
Package pdftex.def Info: results_original/he/error_plot_using_greedy-mbis.png u
sed on input line 60.
(pdftex.def)             Requested size: 277.52248pt x 323.77621pt.

<results_redudancies/he/error_plot_using_greedy-mbis.png, id=7, 867.24pt x 1011
.78pt>
File: results_redudancies/he/error_plot_using_greedy-mbis.png Graphic file (typ
e png)
 <use results_redudancies/he/error_plot_using_greedy-mbis.png>
Package pdftex.def Info: results_redudancies/he/error_plot_using_greedy-mbis.pn
g used on input line 61.
(pdftex.def)             Requested size: 277.52248pt x 323.77621pt.

Overfull \hbox (28.84213pt too wide) in paragraph at lines 59--62
[] []
 []

[1

{/var/lib/texmf/fonts/map/pdftex/updmap/pdftex.map}]
<results/li/error_plot_using_greedy-mbis.png, id=27, 867.24pt x 1011.78pt>
File: results/li/error_plot_using_greedy-mbis.png Graphic file (type png)

<use results/li/error_plot_using_greedy-mbis.png>
Package pdftex.def Info: results/li/error_plot_using_greedy-mbis.png used on in
put line 64.
(pdftex.def)             Requested size: 277.52248pt x 323.77621pt.

<results_original/li/error_plot_using_greedy-mbis.png, id=28, 867.24pt x 1011.7
8pt>
File: results_original/li/error_plot_using_greedy-mbis.png Graphic file (type p
ng)
 <use results_original/li/error_plot_using_greedy-mbis.png>
Package pdftex.def Info: results_original/li/error_plot_using_greedy-mbis.png u
sed on input line 65.
(pdftex.def)             Requested size: 277.52248pt x 323.77621pt.

<results_redudancies/li/error_plot_using_greedy-mbis.png, id=29, 867.24pt x 101
1.78pt>
File: results_redudancies/li/error_plot_using_greedy-mbis.png Graphic file (typ
e png)
 <use results_redudancies/li/error_plot_using_greedy-mbis.png>
Package pdftex.def Info: results_redudancies/li/error_plot_using_greedy-mbis.pn
g used on input line 66.
(pdftex.def)             Requested size: 277.52248pt x 323.77621pt.

Overfull \hbox (28.84213pt too wide) in paragraph at lines 64--67
[] []
 []

[2 <./results/he/error_plot_using_greedy-mbis.png> <./results_original/he/error
_plot_using_greedy-mbis.png> <./results_redudancies/he/error_plot_using_greedy-
mbis.png>]
<results/be/error_plot_using_greedy-mbis.png, id=39, 867.24pt x 1011.78pt>
File: results/be/error_plot_using_greedy-mbis.png Graphic file (type png)

<use results/be/error_plot_using_greedy-mbis.png>
Package pdftex.def Info: results/be/error_plot_using_greedy-mbis.png used on in
put line 68.
(pdftex.def)             Requested size: 277.52248pt x 323.77621pt.

<results_original/be/error_plot_using_greedy-mbis.png, id=40, 867.24pt x 1011.7
8pt>
File: results_original/be/error_plot_using_greedy-mbis.png Graphic file (type p
ng)
 <use results_original/be/error_plot_using_greedy-mbis.png>
Package pdftex.def Info: results_original/be/error_plot_using_greedy-mbis.png u
sed on input line 69.
(pdftex.def)             Requested size: 277.52248pt x 323.77621pt.

<results_redudancies/be/error_plot_using_greedy-mbis.png, id=41, 867.24pt x 101
1.78pt>
File: results_redudancies/be/error_plot_using_greedy-mbis.png Graphic file (typ
e png)
 <use results_redudancies/be/error_plot_using_greedy-mbis.png>
Package pdftex.def Info: results_redudancies/be/error_plot_using_greedy-mbis.pn
g used on input line 70.
(pdftex.def)             Requested size: 277.52248pt x 323.77621pt.

Overfull \hbox (28.84213pt too wide) in paragraph at lines 68--71
[] []
 []

[3 <./results/li/error_plot_using_greedy-mbis.png> <./results_original/li/error
_plot_using_greedy-mbis.png> <./results_redudancies/li/error_plot_using_greedy-
mbis.png>]
<results/b/error_plot_using_greedy-mbis.png, id=50, 867.24pt x 1011.78pt>
File: results/b/error_plot_using_greedy-mbis.png Graphic file (type png)

<use results/b/error_plot_using_greedy-mbis.png>
Package pdftex.def Info: results/b/error_plot_using_greedy-mbis.png used on inp
ut line 72.
(pdftex.def)             Requested size: 277.52248pt x 323.77621pt.

<results_original/b/error_plot_using_greedy-mbis.png, id=51, 867.24pt x 1011.78
pt>
File: results_original/b/error_plot_using_greedy-mbis.png Graphic file (type pn
g)
 <use results_original/b/error_plot_using_greedy-mbis.png>
Package pdftex.def Info: results_original/b/error_plot_using_greedy-mbis.png us
ed on input line 73.
(pdftex.def)             Requested size: 277.52248pt x 323.77621pt.

<results_redudancies/b/error_plot_using_greedy-mbis.png, id=52, 867.24pt x 1011
.78pt>
File: results_redudancies/b/error_plot_using_greedy-mbis.png Graphic file (type
 png)
 <use results_redudancies/b/error_plot_using_greedy-mbis.png>
Package pdftex.def Info: results_redudancies/b/error_plot_using_greedy-mbis.png
 used on input line 74.
(pdftex.def)             Requested size: 277.52248pt x 323.77621pt.

Overfull \hbox (28.84213pt too wide) in paragraph at lines 72--75
[] []
 []

[4 <./results/be/error_plot_using_greedy-mbis.png> <./results_original/be/error
_plot_using_greedy-mbis.png> <./results_redudancies/be/error_plot_using_greedy-
mbis.png>]
<results/c/error_plot_using_greedy-mbis.png, id=61, 867.24pt x 1011.78pt>
File: results/c/error_plot_using_greedy-mbis.png Graphic file (type png)

<use results/c/error_plot_using_greedy-mbis.png>
Package pdftex.def Info: results/c/error_plot_using_greedy-mbis.png used on inp
ut line 76.
(pdftex.def)             Requested size: 277.52248pt x 323.77621pt.

<results_original/c/error_plot_using_greedy-mbis.png, id=62, 867.24pt x 1011.78
pt>
File: results_original/c/error_plot_using_greedy-mbis.png Graphic file (type pn
g)
 <use results_original/c/error_plot_using_greedy-mbis.png>
Package pdftex.def Info: results_original/c/error_plot_using_greedy-mbis.png us
ed on input line 77.
(pdftex.def)             Requested size: 277.52248pt x 323.77621pt.

<results_redudancies/c/error_plot_using_greedy-mbis.png, id=63, 867.24pt x 1011
.78pt>
File: results_redudancies/c/error_plot_using_greedy-mbis.png Graphic file (type
 png)
 <use results_redudancies/c/error_plot_using_greedy-mbis.png>
Package pdftex.def Info: results_redudancies/c/error_plot_using_greedy-mbis.png
 used on input line 78.
(pdftex.def)             Requested size: 277.52248pt x 323.77621pt.

Overfull \hbox (28.84213pt too wide) in paragraph at lines 76--79
[] []
 []

[5 <./results/b/error_plot_using_greedy-mbis.png> <./results_original/b/error_p
lot_using_greedy-mbis.png> <./results_redudancies/b/error_plot_using_greedy-mbi
s.png>]
<results/n/error_plot_using_greedy-mbis.png, id=72, 867.24pt x 1011.78pt>
File: results/n/error_plot_using_greedy-mbis.png Graphic file (type png)

<use results/n/error_plot_using_greedy-mbis.png>
Package pdftex.def Info: results/n/error_plot_using_greedy-mbis.png used on inp
ut line 80.
(pdftex.def)             Requested size: 277.52248pt x 323.77621pt.

<results_original/n/error_plot_using_greedy-mbis.png, id=73, 867.24pt x 1011.78
pt>
File: results_original/n/error_plot_using_greedy-mbis.png Graphic file (type pn
g)
 <use results_original/n/error_plot_using_greedy-mbis.png>
Package pdftex.def Info: results_original/n/error_plot_using_greedy-mbis.png us
ed on input line 81.
(pdftex.def)             Requested size: 277.52248pt x 323.77621pt.

<results_redudancies/n/error_plot_using_greedy-mbis.png, id=74, 867.24pt x 1011
.78pt>
File: results_redudancies/n/error_plot_using_greedy-mbis.png Graphic file (type
 png)
 <use results_redudancies/n/error_plot_using_greedy-mbis.png>
Package pdftex.def Info: results_redudancies/n/error_plot_using_greedy-mbis.png
 used on input line 82.
(pdftex.def)             Requested size: 277.52248pt x 323.77621pt.

Overfull \hbox (28.84213pt too wide) in paragraph at lines 80--83
[] []
 []

[6 <./results/c/error_plot_using_greedy-mbis.png> <./results_original/c/error_p
lot_using_greedy-mbis.png> <./results_redudancies/c/error_plot_using_greedy-mbi
s.png>]
<results/o/error_plot_using_greedy-mbis.png, id=83, 867.24pt x 1011.78pt>
File: results/o/error_plot_using_greedy-mbis.png Graphic file (type png)

<use results/o/error_plot_using_greedy-mbis.png>
Package pdftex.def Info: results/o/error_plot_using_greedy-mbis.png used on inp
ut line 85.
(pdftex.def)             Requested size: 277.52248pt x 323.77621pt.

<results_original/o/error_plot_using_greedy-mbis.png, id=84, 867.24pt x 1011.78
pt>
File: results_original/o/error_plot_using_greedy-mbis.png Graphic file (type pn
g)
 <use results_original/o/error_plot_using_greedy-mbis.png>
Package pdftex.def Info: results_original/o/error_plot_using_greedy-mbis.png us
ed on input line 86.
(pdftex.def)             Requested size: 277.52248pt x 323.77621pt.

<results_redudancies/o/error_plot_using_greedy-mbis.png, id=85, 867.24pt x 1011
.78pt>
File: results_redudancies/o/error_plot_using_greedy-mbis.png Graphic file (type
 png)
 <use results_redudancies/o/error_plot_using_greedy-mbis.png>
Package pdftex.def Info: results_redudancies/o/error_plot_using_greedy-mbis.png
 used on input line 87.
(pdftex.def)             Requested size: 277.52248pt x 323.77621pt.

Overfull \hbox (28.84213pt too wide) in paragraph at lines 85--88
[] []
 []

[7 <./results/n/error_plot_using_greedy-mbis.png> <./results_original/n/error_p
lot_using_greedy-mbis.png> <./results_redudancies/n/error_plot_using_greedy-mbi
s.png>]
<results/f/error_plot_using_greedy-mbis.png, id=95, 867.24pt x 1011.78pt>
File: results/f/error_plot_using_greedy-mbis.png Graphic file (type png)

<use results/f/error_plot_using_greedy-mbis.png>
Package pdftex.def Info: results/f/error_plot_using_greedy-mbis.png used on inp
ut line 89.
(pdftex.def)             Requested size: 277.52248pt x 323.77621pt.

<results_original/f/error_plot_using_greedy-mbis.png, id=96, 867.24pt x 1011.78
pt>
File: results_original/f/error_plot_using_greedy-mbis.png Graphic file (type pn
g)
 <use results_original/f/error_plot_using_greedy-mbis.png>
Package pdftex.def Info: results_original/f/error_plot_using_greedy-mbis.png us
ed on input line 90.
(pdftex.def)             Requested size: 277.52248pt x 323.77621pt.

<results_redudancies/f/error_plot_using_greedy-mbis.png, id=97, 867.24pt x 1011
.78pt>
File: results_redudancies/f/error_plot_using_greedy-mbis.png Graphic file (type
 png)
 <use results_redudancies/f/error_plot_using_greedy-mbis.png>
Package pdftex.def Info: results_redudancies/f/error_plot_using_greedy-mbis.png
 used on input line 91.
(pdftex.def)             Requested size: 277.52248pt x 323.77621pt.

Overfull \hbox (28.84213pt too wide) in paragraph at lines 89--92
[] []
 []

[8 <./results/o/error_plot_using_greedy-mbis.png> <./results_original/o/error_p
lot_using_greedy-mbis.png> <./results_redudancies/o/error_plot_using_greedy-mbi
s.png>]
<results/ne/error_plot_using_greedy-mbis.png, id=106, 867.24pt x 1011.78pt>
File: results/ne/error_plot_using_greedy-mbis.png Graphic file (type png)

<use results/ne/error_plot_using_greedy-mbis.png>
Package pdftex.def Info: results/ne/error_plot_using_greedy-mbis.png used on in
put line 93.
(pdftex.def)             Requested size: 277.52248pt x 323.77621pt.

<results_original/ne/error_plot_using_greedy-mbis.png, id=107, 867.24pt x 1011.
78pt>
File: results_original/ne/error_plot_using_greedy-mbis.png Graphic file (type p
ng)
 <use results_original/ne/error_plot_using_greedy-mbis.png>
Package pdftex.def Info: results_original/ne/error_plot_using_greedy-mbis.png u
sed on input line 94.
(pdftex.def)             Requested size: 277.52248pt x 323.77621pt.

<results_redudancies/ne/error_plot_using_greedy-mbis.png, id=108, 867.24pt x 10
11.78pt>
File: results_redudancies/ne/error_plot_using_greedy-mbis.png Graphic file (typ
e png)
 <use results_redudancies/ne/error_plot_using_greedy-mbis.png>
Package pdftex.def Info: results_redudancies/ne/error_plot_using_greedy-mbis.pn
g used on input line 95.
(pdftex.def)             Requested size: 277.52248pt x 323.77621pt.

Overfull \hbox (28.84213pt too wide) in paragraph at lines 93--96
[] []
 []

[9 <./results/f/error_plot_using_greedy-mbis.png> <./results_original/f/error_p
lot_using_greedy-mbis.png> <./results_redudancies/f/error_plot_using_greedy-mbi
s.png>]
File: results/he/error_plot_using_greedy-mbis.png Graphic file (type png)
 <use results/he/error_plot_using_greedy-mbis.png>
Package pdftex.def Info: results/he/error_plot_using_greedy-mbis.png used on in
put line 100.
(pdftex.def)             Requested size: 277.52248pt x 323.77621pt.
File: results/li/error_plot_using_greedy-mbis.png Graphic file (type png)

<use results/li/error_plot_using_greedy-mbis.png>
Package pdftex.def Info: results/li/error_plot_using_greedy-mbis.png used on in
put line 101.
(pdftex.def)             Requested size: 277.52248pt x 323.77621pt.
File: results/be/error_plot_using_greedy-mbis.png Graphic file (type png)

<use results/be/error_plot_using_greedy-mbis.png>
Package pdftex.def Info: results/be/error_plot_using_greedy-mbis.png used on in
put line 102.
(pdftex.def)             Requested size: 277.52248pt x 323.77621pt.
File: results/b/error_plot_using_greedy-mbis.png Graphic file (type png)

<use results/b/error_plot_using_greedy-mbis.png>
Package pdftex.def Info: results/b/error_plot_using_greedy-mbis.png used on inp
ut line 103.
(pdftex.def)             Requested size: 277.52248pt x 323.77621pt.
File: results/c/error_plot_using_greedy-mbis.png Graphic file (type png)

<use results/c/error_plot_using_greedy-mbis.png>
Package pdftex.def Info: results/c/error_plot_using_greedy-mbis.png used on inp
ut line 104.
(pdftex.def)             Requested size: 277.52248pt x 323.77621pt.
File: results/n/error_plot_using_greedy-mbis.png Graphic file (type png)

<use results/n/error_plot_using_greedy-mbis.png>
Package pdftex.def Info: results/n/error_plot_using_greedy-mbis.png used on inp
ut line 105.
(pdftex.def)             Requested size: 277.52248pt x 323.77621pt.
File: results/o/error_plot_using_greedy-mbis.png Graphic file (type png)

<use results/o/error_plot_using_greedy-mbis.png>
Package pdftex.def Info: results/o/error_plot_using_greedy-mbis.png used on inp
ut line 106.
(pdftex.def)             Requested size: 277.52248pt x 323.77621pt.
File: results/f/error_plot_using_greedy-mbis.png Graphic file (type png)

<use results/f/error_plot_using_greedy-mbis.png>
Package pdftex.def Info: results/f/error_plot_using_greedy-mbis.png used on inp
ut line 107.
(pdftex.def)             Requested size: 277.52248pt x 323.77621pt.
File: results/ne/error_plot_using_greedy-mbis.png Graphic file (type png)

<use results/ne/error_plot_using_greedy-mbis.png>
Package pdftex.def Info: results/ne/error_plot_using_greedy-mbis.png used on in
put line 108.
(pdftex.def)             Requested size: 277.52248pt x 323.77621pt.

Overfull \hbox (28.84213pt too wide) in paragraph at lines 100--109
[] [] 
 []


Overfull \hbox (28.84213pt too wide) in paragraph at lines 100--109
[] []
 []


Overfull \hbox (28.84213pt too wide) in paragraph at lines 100--109
[] [] 
 []


Overfull \hbox (28.84213pt too wide) in paragraph at lines 100--109
[] [] 
 []


Underfull \hbox (badness 10000) in paragraph at lines 100--109

 []

[10 <./results/ne/error_plot_using_greedy-mbis.png> <./results_original/ne/erro
r_plot_using_greedy-mbis.png> <./results_redudancies/ne/error_plot_using_greedy
-mbis.png>] [11] [12]
File: results_original/he/error_plot_using_greedy-mbis.png Graphic file (type p
ng)

<use results_original/he/error_plot_using_greedy-mbis.png>
Package pdftex.def Info: results_original/he/error_plot_using_greedy-mbis.png u
sed on input line 111.
(pdftex.def)             Requested size: 277.52248pt x 323.77621pt.
File: results_original/li/error_plot_using_greedy-mbis.png Graphic file (type p
ng)

<use results_original/li/error_plot_using_greedy-mbis.png>
Package pdftex.def Info: results_original/li/error_plot_using_greedy-mbis.png u
sed on input line 112.
(pdftex.def)             Requested size: 277.52248pt x 323.77621pt.
File: results_original/be/error_plot_using_greedy-mbis.png Graphic file (type p
ng)

<use results_original/be/error_plot_using_greedy-mbis.png>
Package pdftex.def Info: results_original/be/error_plot_using_greedy-mbis.png u
sed on input line 113.
(pdftex.def)             Requested size: 277.52248pt x 323.77621pt.
File: results_original/b/error_plot_using_greedy-mbis.png Graphic file (type pn
g)

<use results_original/b/error_plot_using_greedy-mbis.png>
Package pdftex.def Info: results_original/b/error_plot_using_greedy-mbis.png us
ed on input line 114.
(pdftex.def)             Requested size: 277.52248pt x 323.77621pt.
File: results_original/c/error_plot_using_greedy-mbis.png Graphic file (type pn
g)

<use results_original/c/error_plot_using_greedy-mbis.png>
Package pdftex.def Info: results_original/c/error_plot_using_greedy-mbis.png us
ed on input line 115.
(pdftex.def)             Requested size: 277.52248pt x 323.77621pt.
File: results_original/n/error_plot_using_greedy-mbis.png Graphic file (type pn
g)

<use results_original/n/error_plot_using_greedy-mbis.png>
Package pdftex.def Info: results_original/n/error_plot_using_greedy-mbis.png us
ed on input line 116.
(pdftex.def)             Requested size: 277.52248pt x 323.77621pt.
File: results_original/o/error_plot_using_greedy-mbis.png Graphic file (type pn
g)

<use results_original/o/error_plot_using_greedy-mbis.png>
Package pdftex.def Info: results_original/o/error_plot_using_greedy-mbis.png us
ed on input line 117.
(pdftex.def)             Requested size: 277.52248pt x 323.77621pt.
File: results_original/f/error_plot_using_greedy-mbis.png Graphic file (type pn
g)

<use results_original/f/error_plot_using_greedy-mbis.png>
Package pdftex.def Info: results_original/f/error_plot_using_greedy-mbis.png us
ed on input line 118.
(pdftex.def)             Requested size: 277.52248pt x 323.77621pt.
File: results_original/ne/error_plot_using_greedy-mbis.png Graphic file (type p
ng)

<use results_original/ne/error_plot_using_greedy-mbis.png>
Package pdftex.def Info: results_original/ne/error_plot_using_greedy-mbis.png u
sed on input line 119.
(pdftex.def)             Requested size: 277.52248pt x 323.77621pt.

Overfull \hbox (28.84213pt too wide) in paragraph at lines 111--120
[] [] 
 []


Overfull \hbox (28.84213pt too wide) in paragraph at lines 111--120
[] []
 []


Overfull \hbox (28.84213pt too wide) in paragraph at lines 111--120
[] [] 
 []


Overfull \hbox (28.84213pt too wide) in paragraph at lines 111--120
[] [] 
 []


Underfull \hbox (badness 10000) in paragraph at lines 111--120

 []

[13] [14] [15]
File: results_redudancies/he/error_plot_using_greedy-mbis.png Graphic file (typ
e png)
 <use results_redudancies/he/error_plot_using_greedy-mbis.png>
Package pdftex.def Info: results_redudancies/he/error_plot_using_greedy-mbis.pn
g used on input line 122.
(pdftex.def)             Requested size: 277.52248pt x 323.77621pt.
File: results_redudancies/li/error_plot_using_greedy-mbis.png Graphic file (typ
e png)

<use results_redudancies/li/error_plot_using_greedy-mbis.png>
Package pdftex.def Info: results_redudancies/li/error_plot_using_greedy-mbis.pn
g used on input line 123.
(pdftex.def)             Requested size: 277.52248pt x 323.77621pt.
File: results_redudancies/be/error_plot_using_greedy-mbis.png Graphic file (typ
e png)

<use results_redudancies/be/error_plot_using_greedy-mbis.png>
Package pdftex.def Info: results_redudancies/be/error_plot_using_greedy-mbis.pn
g used on input line 124.
(pdftex.def)             Requested size: 277.52248pt x 323.77621pt.
File: results_redudancies/b/error_plot_using_greedy-mbis.png Graphic file (type
 png)

<use results_redudancies/b/error_plot_using_greedy-mbis.png>
Package pdftex.def Info: results_redudancies/b/error_plot_using_greedy-mbis.png
 used on input line 125.
(pdftex.def)             Requested size: 277.52248pt x 323.77621pt.
File: results_redudancies/c/error_plot_using_greedy-mbis.png Graphic file (type
 png)

<use results_redudancies/c/error_plot_using_greedy-mbis.png>
Package pdftex.def Info: results_redudancies/c/error_plot_using_greedy-mbis.png
 used on input line 126.
(pdftex.def)             Requested size: 277.52248pt x 323.77621pt.
File: results_redudancies/n/error_plot_using_greedy-mbis.png Graphic file (type
 png)

<use results_redudancies/n/error_plot_using_greedy-mbis.png>
Package pdftex.def Info: results_redudancies/n/error_plot_using_greedy-mbis.png
 used on input line 127.
(pdftex.def)             Requested size: 277.52248pt x 323.77621pt.
File: results_redudancies/o/error_plot_using_greedy-mbis.png Graphic file (type
 png)

<use results_redudancies/o/error_plot_using_greedy-mbis.png>
Package pdftex.def Info: results_redudancies/o/error_plot_using_greedy-mbis.png
 used on input line 128.
(pdftex.def)             Requested size: 277.52248pt x 323.77621pt.
File: results_redudancies/f/error_plot_using_greedy-mbis.png Graphic file (type
 png)

<use results_redudancies/f/error_plot_using_greedy-mbis.png>
Package pdftex.def Info: results_redudancies/f/error_plot_using_greedy-mbis.png
 used on input line 129.
(pdftex.def)             Requested size: 277.52248pt x 323.77621pt.
File: results_redudancies/ne/error_plot_using_greedy-mbis.png Graphic file (typ
e png)

<use results_redudancies/ne/error_plot_using_greedy-mbis.png>
Package pdftex.def Info: results_redudancies/ne/error_plot_using_greedy-mbis.pn
g used on input line 130.
(pdftex.def)             Requested size: 277.52248pt x 323.77621pt.

Overfull \hbox (28.84213pt too wide) in paragraph at lines 122--131
[] [] 
 []


Overfull \hbox (28.84213pt too wide) in paragraph at lines 122--131
[] []
 []


Overfull \hbox (28.84213pt too wide) in paragraph at lines 122--131
[] [] 
 []


Overfull \hbox (28.84213pt too wide) in paragraph at lines 122--131
[] [] 
 []


Underfull \hbox (badness 10000) in paragraph at lines 122--131

 []

[16] [17] [18]
Package atveryend Info: Empty hook `BeforeClearDocument' on input line 131.
 [19]
Package atveryend Info: Empty hook `AfterLastShipout' on input line 131.
 (./document.aux)
Package atveryend Info: Executing hook `AtVeryEndDocument' on input line 131.
Package atveryend Info: Empty hook `AtEndAfterFileList' on input line 131.
Package atveryend Info: Empty hook `AtVeryVeryEnd' on input line 131.
 ) 
Here is how much of TeX's memory you used:
 5988 strings out of 494910
 93605 string characters out of 6179836
 177615 words of memory out of 5000000
 9181 multiletter control sequences out of 15000+600000
 5158 words of font info for 19 fonts, out of 8000000 for 9000
 36 hyphenation exceptions out of 8191
 35i,6n,32p,760b,319s stack positions out of 5000i,500n,10000p,200000b,80000s
</usr/share/texlive/texmf-dist/fonts/type1/public/amsfonts/cm/cmbx10.pfb></us
r/share/texlive/texmf-dist/fonts/type1/public/amsfonts/cm/cmbx12.pfb></usr/shar
e/texlive/texmf-dist/fonts/type1/public/amsfonts/cm/cmmi10.pfb></usr/share/texl
ive/texmf-dist/fonts/type1/public/amsfonts/cm/cmr10.pfb></usr/share/texlive/tex
mf-dist/fonts/type1/public/amsfonts/cm/cmsy10.pfb>
Output written on document.pdf (19 pages, 1827358 bytes).
PDF statistics:
 250 PDF objects out of 1000 (max. 8388607)
 168 compressed objects within 2 object streams
 43 named destinations out of 1000 (max. 500000)
 272 words of extra memory for PDF output out of 10000 (max. 10000000)

